============================================================
Time  2018/04/15 16:44:01 434 
============================================================
[2018/04/15 16:44:01 435] isr_1conn  2088 SYS_MSG_LOAD_CLOUD  
[2018/04/15 16:44:01 435] isr_1conn  2109 SYS_MSG_REGCB_CLOUD param0 =   msp_status_cb  param1 =  func(73c9cf40) 
[2018/04/15 16:44:01 436] isr_1conn  2109 SYS_MSG_REGCB_CLOUD param0 =   cloud_rslt_cb  param1 =  func(73c9dc18) 
[2018/04/15 16:44:01 436] isr_1conn  2109 SYS_MSG_REGCB_CLOUD param0 =   cloud_err_cb  param1 =  func(73c9dd48) 
[2018/04/15 16:44:01 436] isr_1conn  2109 SYS_MSG_REGCB_CLOUD param0 =   cloud_status_cb  param1 =  func(73c9de08) 
[2018/04/15 16:44:01 437] isr_1conn  1382 onesoc  
[2018/04/15 16:44:01 437] isr_1conn  1383 ASR_CLOUD_MSG_SSB  
[2018/04/15 16:44:01 437] isr_1conn  1398 isr_1conn  cloud_cisr1PdHHBHX73wpNIujaaPxgwOcBpM5lQ  268436457  1428405382  
[2018/04/15 16:44:01 438] isr_1conn  1466 not login!  
[2018/04/15 16:44:01 438] isr_1conn  1578 nil  
[2018/04/15 16:44:01 438] isr_1conn  1647 speex-wb  
[2018/04/15 16:44:01 438] isr_1conn  1713 once bytes  122  
[2018/04/15 16:44:01 439] isr_1conn  1734 User set url is   nil  
[2018/04/15 16:44:01 439] transport  596  paramkvsport is   nil  
[2018/04/15 16:44:01 439] transport  801  net type:  standard  
[2018/04/15 16:44:01 439] transport  802  net operator:  def  
[2018/04/15 16:44:01 439] transport  803  use proxy:  false  
[2018/04/15 16:44:01 444] network    85   ipfromenv ,  ipcache  dev.voicecloud.cn  def  121.201.83.170  
[2018/04/15 16:44:01 444] transport  998  using cached ip:  121.201.83.170  
[2018/04/15 16:44:01 445] transport  1033 ns_i =  nil  
[2018/04/15 16:44:01 445] transport  1108 [soc] connect   121.201.83.170  80  
